
  .   ____          _            __ _ _
 /\\ / ___'_ __ _ _(_)_ __  __ _ \ \ \ \
( ( )\___ | '_ | '_| | '_ \/ _` | \ \ \ \
 \\/  ___)| |_)| | | | | || (_| |  ) ) ) )
  '  |____| .__|_| |_|_| |_\__, | / / / /
 =========|_|==============|___/=/_/_/_/
 :: Spring Boot ::               (v2.7.13)

2026-03-10 14:00:20.938  INFO 4829 --- [           main] f.frontend.FrontendApplication           : Starting FrontendApplication v0.0.1-SNAPSHOT using Java 17.0.9 on yume-Aspire-E5-472G with PID 4829 (/home/yume/FrontOffice/target/frontend-0.0.1-SNAPSHOT.war started by yume in /home/yume/FrontOffice)
2026-03-10 14:00:20.948 DEBUG 4829 --- [           main] f.frontend.FrontendApplication           : Running with Spring Boot v2.7.13, Spring v5.3.28
2026-03-10 14:00:20.950  INFO 4829 --- [           main] f.frontend.FrontendApplication           : No active profile set, falling back to 1 default profile: "default"
2026-03-10 14:00:23.088  INFO 4829 --- [           main] o.s.b.w.embedded.tomcat.TomcatWebServer  : Tomcat initialized with port(s): 8085 (http)
2026-03-10 14:00:23.147  INFO 4829 --- [           main] o.apache.catalina.core.StandardService   : Starting service [Tomcat]
2026-03-10 14:00:23.150  INFO 4829 --- [           main] org.apache.catalina.core.StandardEngine  : Starting Servlet engine: [Apache Tomcat/9.0.76]
2026-03-10 14:00:24.921  INFO 4829 --- [           main] org.apache.jasper.servlet.TldScanner     : At least one JAR was scanned for TLDs yet contained no TLDs. Enable debug logging for this logger for a complete list of JARs that were scanned but no TLDs were found in them. Skipping unneeded JARs during scanning can improve startup time and JSP compilation time.
2026-03-10 14:00:25.338  INFO 4829 --- [           main] o.a.c.c.C.[Tomcat].[localhost].[/]       : Initializing Spring embedded WebApplicationContext
2026-03-10 14:00:25.339  INFO 4829 --- [           main] w.s.c.ServletWebServerApplicationContext : Root WebApplicationContext: initialization completed in 4252 ms
2026-03-10 14:00:25.661 DEBUG 4829 --- [           main] s.w.s.m.m.a.RequestMappingHandlerAdapter : ControllerAdvice beans: 0 @ModelAttribute, 0 @InitBinder, 1 RequestBodyAdvice, 1 ResponseBodyAdvice
2026-03-10 14:00:25.720  INFO 4829 --- [           main] o.s.b.a.w.s.WelcomePageHandlerMapping    : Adding welcome page template: index
2026-03-10 14:00:25.794 DEBUG 4829 --- [           main] s.w.s.m.m.a.RequestMappingHandlerMapping : 6 mappings in 'requestMappingHandlerMapping'
2026-03-10 14:00:25.818 DEBUG 4829 --- [           main] o.s.w.s.handler.SimpleUrlHandlerMapping  : Patterns [/webjars/**, /**] in 'resourceHandlerMapping'
2026-03-10 14:00:25.828 DEBUG 4829 --- [           main] .m.m.a.ExceptionHandlerExceptionResolver : ControllerAdvice beans: 0 @ExceptionHandler, 1 ResponseBodyAdvice
2026-03-10 14:00:25.912  INFO 4829 --- [           main] o.s.b.w.embedded.tomcat.TomcatWebServer  : Tomcat started on port(s): 8085 (http) with context path ''
2026-03-10 14:00:25.927  INFO 4829 --- [           main] f.frontend.FrontendApplication           : Started FrontendApplication in 6.065 seconds (JVM running for 7.535)
🔄 Tentative de récupération...
2026-03-10 14:00:30.492 DEBUG 4829 --- [       Thread-1] o.s.web.client.RestTemplate              : HTTP GET http://localhost:8080/api/token?id=7
2026-03-10 14:00:30.524 DEBUG 4829 --- [       Thread-1] o.s.web.client.RestTemplate              : Accept=[application/json, application/*+json]
2026-03-10 14:00:31.919 DEBUG 4829 --- [       Thread-1] o.s.web.client.RestTemplate              : Response 200 OK
2026-03-10 14:00:31.920 DEBUG 4829 --- [       Thread-1] o.s.web.client.RestTemplate              : Reading to [java.util.Map<?, ?>]
✅ TOKEN TROUVÉ DANS 'DATA' : PCCa2HfPHvFLif
2026-03-10 14:01:26.709  INFO 4829 --- [nio-8085-exec-2] o.a.c.c.C.[Tomcat].[localhost].[/]       : Initializing Spring DispatcherServlet 'dispatcherServlet'
2026-03-10 14:01:26.709  INFO 4829 --- [nio-8085-exec-2] o.s.web.servlet.DispatcherServlet        : Initializing Servlet 'dispatcherServlet'
2026-03-10 14:01:26.710 DEBUG 4829 --- [nio-8085-exec-2] o.s.web.servlet.DispatcherServlet        : Detected StandardServletMultipartResolver
2026-03-10 14:01:26.710 DEBUG 4829 --- [nio-8085-exec-2] o.s.web.servlet.DispatcherServlet        : Detected AcceptHeaderLocaleResolver
2026-03-10 14:01:26.710 DEBUG 4829 --- [nio-8085-exec-2] o.s.web.servlet.DispatcherServlet        : Detected FixedThemeResolver
2026-03-10 14:01:26.711 DEBUG 4829 --- [nio-8085-exec-2] o.s.web.servlet.DispatcherServlet        : Detected org.springframework.web.servlet.view.DefaultRequestToViewNameTranslator@54e82a2f
2026-03-10 14:01:26.712 DEBUG 4829 --- [nio-8085-exec-2] o.s.web.servlet.DispatcherServlet        : Detected org.springframework.web.servlet.support.SessionFlashMapManager@48997c4
2026-03-10 14:01:26.712 DEBUG 4829 --- [nio-8085-exec-2] o.s.web.servlet.DispatcherServlet        : enableLoggingRequestDetails='false': request parameters and headers will be masked to prevent unsafe logging of potentially sensitive data
2026-03-10 14:01:26.712  INFO 4829 --- [nio-8085-exec-2] o.s.web.servlet.DispatcherServlet        : Completed initialization in 3 ms
2026-03-10 14:01:26.727 DEBUG 4829 --- [nio-8085-exec-2] o.s.web.servlet.DispatcherServlet        : GET "/reservations", parameters={}
2026-03-10 14:01:26.735 DEBUG 4829 --- [nio-8085-exec-2] s.w.s.m.m.a.RequestMappingHandlerMapping : Mapped to frontOffice.frontend.controller.ReservationController#listReservations(LocalDate, Model)
2026-03-10 14:01:26.764 DEBUG 4829 --- [nio-8085-exec-2] o.s.web.client.RestTemplate              : HTTP GET http://localhost:8080/api/reservations?token=PCCa2HfPHvFLif
2026-03-10 14:01:26.809 DEBUG 4829 --- [nio-8085-exec-2] o.s.web.client.RestTemplate              : Accept=[application/json, application/*+json]
2026-03-10 14:01:27.320 DEBUG 4829 --- [nio-8085-exec-2] o.s.web.client.RestTemplate              : Response 200 OK
2026-03-10 14:01:27.330 DEBUG 4829 --- [nio-8085-exec-2] o.s.web.client.RestTemplate              : Reading to [frontOffice.frontend.service.ReservationService$ApiResponse]
✅ Succès ! 11 réservations récupérées.
2026-03-10 14:01:27.391 DEBUG 4829 --- [nio-8085-exec-2] o.s.web.servlet.view.JstlView            : View name 'index', model {reservations=[ReservationDTO{id=5, idclient='CL005', nomHotel='Lokanga', nbPassager=3, dateArrivee='15/01/2024', heureArrivee='10:15'}, ReservationDTO{id=6, idclient='CL006', nomHotel='Novotel', nbPassager=6, dateArrivee='15/01/2024', heureArrivee='11:00'}, ReservationDTO{id=7, idclient='CL007', nomHotel='Ibis', nbPassager=4, dateArrivee='15/01/2024', heureArrivee='14:00'}, ReservationDTO{id=8, idclient='CL008', nomHotel='Lokanga', nbPassager=4, dateArrivee='15/01/2024', heureArrivee='14:20'}, ReservationDTO{id=11, idclient='CL011', nomHotel='Novotel', nbPassager=1, dateArrivee='15/01/2024', heureArrivee='15:20'}, ReservationDTO{id=2, idclient='CL002', nomHotel='Novotel', nbPassager=10, dateArrivee='15/01/2024', heureArrivee='08:20'}, ReservationDTO{id=1, idclient='CL001', nomHotel='Ibis', nbPassager=3, dateArrivee='15/01/2024', heureArrivee='08:00'}, ReservationDTO{id=4, idclient='CL004', nomHotel='Novotel', nbPassager=2, dateArrivee='15/01/2024', heureArrivee='10:00'}, ReservationDTO{id=9, idclient='CL009', nomHotel='Lokanga', nbPassager=2, dateArrivee='15/01/2024', heureArrivee='15:00'}, ReservationDTO{id=10, idclient='CL010', nomHotel='Lokanga', nbPassager=3, dateArrivee='15/01/2024', heureArrivee='15:10'}, ReservationDTO{id=3, idclient='CL003', nomHotel='Lokanga', nbPassager=4, dateArrivee='15/01/2024', heureArrivee='08:00'}], p=Accueil, dateFilter=null}
2026-03-10 14:01:27.396 DEBUG 4829 --- [nio-8085-exec-2] o.s.web.servlet.view.JstlView            : Forwarding to [/WEB-INF/jsp/index.jsp]
2026-03-10 14:01:29.360 DEBUG 4829 --- [nio-8085-exec-2] o.s.web.servlet.DispatcherServlet        : Completed 200 OK
2026-03-10 14:01:30.247 DEBUG 4829 --- [nio-8085-exec-3] o.s.web.servlet.DispatcherServlet        : GET "/favicon.ico", parameters={}
2026-03-10 14:01:30.252 DEBUG 4829 --- [nio-8085-exec-3] o.s.w.s.handler.SimpleUrlHandlerMapping  : Mapped to ResourceHttpRequestHandler [classpath [META-INF/resources/], classpath [resources/], classpath [static/], classpath [public/], ServletContext [/]]
2026-03-10 14:01:30.254 DEBUG 4829 --- [nio-8085-exec-3] o.s.w.s.r.ResourceHttpRequestHandler     : Resource not found
2026-03-10 14:01:30.254 DEBUG 4829 --- [nio-8085-exec-3] o.s.web.servlet.DispatcherServlet        : Completed 404 NOT_FOUND
2026-03-10 14:01:30.255 DEBUG 4829 --- [nio-8085-exec-3] o.s.web.servlet.DispatcherServlet        : "ERROR" dispatch for GET "/error", parameters={}
2026-03-10 14:01:30.257 DEBUG 4829 --- [nio-8085-exec-3] s.w.s.m.m.a.RequestMappingHandlerMapping : Mapped to org.springframework.boot.autoconfigure.web.servlet.error.BasicErrorController#error(HttpServletRequest)
2026-03-10 14:01:30.271 DEBUG 4829 --- [nio-8085-exec-3] o.s.w.s.m.m.a.HttpEntityMethodProcessor  : Using 'application/json;q=0.5', given [image/avif, image/webp, image/png, image/svg+xml, image/*;q=0.8, */*;q=0.5] and supported [application/json, application/*+json, application/json, application/*+json]
2026-03-10 14:01:30.272 DEBUG 4829 --- [nio-8085-exec-3] o.s.w.s.m.m.a.HttpEntityMethodProcessor  : Writing [{timestamp=Tue Mar 10 14:01:30 EAT 2026, status=404, error=Not Found, message=No message available,  (truncated)...]
2026-03-10 14:01:30.314 DEBUG 4829 --- [nio-8085-exec-3] o.s.web.servlet.DispatcherServlet        : Exiting from "ERROR" dispatch, status 404
2026-03-10 14:01:39.690 DEBUG 4829 --- [nio-8085-exec-4] o.s.web.servlet.DispatcherServlet        : GET "/?p=Assignation", parameters={masked}
2026-03-10 14:01:39.693 DEBUG 4829 --- [nio-8085-exec-4] o.s.web.servlet.view.JstlView            : View name 'index', model {}
2026-03-10 14:01:39.694 DEBUG 4829 --- [nio-8085-exec-4] o.s.web.servlet.view.JstlView            : Forwarding to [/WEB-INF/jsp/index.jsp]
2026-03-10 14:01:39.698 DEBUG 4829 --- [nio-8085-exec-4] o.s.web.servlet.DispatcherServlet        : Completed 200 OK
2026-03-10 14:01:43.260 DEBUG 4829 --- [nio-8085-exec-5] o.s.web.servlet.DispatcherServlet        : GET "/?p=accueil", parameters={masked}
2026-03-10 14:01:43.261 DEBUG 4829 --- [nio-8085-exec-5] o.s.web.servlet.view.JstlView            : View name 'index', model {}
2026-03-10 14:01:43.261 DEBUG 4829 --- [nio-8085-exec-5] o.s.web.servlet.view.JstlView            : Forwarding to [/WEB-INF/jsp/index.jsp]
2026-03-10 14:01:43.262 DEBUG 4829 --- [nio-8085-exec-5] o.s.web.servlet.DispatcherServlet        : Completed 200 OK
2026-03-10 14:01:47.906 DEBUG 4829 --- [nio-8085-exec-6] o.s.web.servlet.DispatcherServlet        : GET "/reservations?p=accueil&dateFilter=", parameters={masked}
2026-03-10 14:01:47.907 DEBUG 4829 --- [nio-8085-exec-6] s.w.s.m.m.a.RequestMappingHandlerMapping : Mapped to frontOffice.frontend.controller.ReservationController#listReservations(LocalDate, Model)
2026-03-10 14:01:47.912 DEBUG 4829 --- [nio-8085-exec-6] o.s.web.client.RestTemplate              : HTTP GET http://localhost:8080/api/reservations?token=PCCa2HfPHvFLif
2026-03-10 14:01:47.912 DEBUG 4829 --- [nio-8085-exec-6] o.s.web.client.RestTemplate              : Accept=[application/json, application/*+json]
2026-03-10 14:01:48.023 DEBUG 4829 --- [nio-8085-exec-6] o.s.web.client.RestTemplate              : Response 200 OK
2026-03-10 14:01:48.023 DEBUG 4829 --- [nio-8085-exec-6] o.s.web.client.RestTemplate              : Reading to [frontOffice.frontend.service.ReservationService$ApiResponse]
✅ Succès ! 11 réservations récupérées.
2026-03-10 14:01:48.029 DEBUG 4829 --- [nio-8085-exec-6] o.s.web.servlet.view.JstlView            : View name 'index', model {reservations=[ReservationDTO{id=5, idclient='CL005', nomHotel='Lokanga', nbPassager=3, dateArrivee='15/01/2024', heureArrivee='10:15'}, ReservationDTO{id=6, idclient='CL006', nomHotel='Novotel', nbPassager=6, dateArrivee='15/01/2024', heureArrivee='11:00'}, ReservationDTO{id=7, idclient='CL007', nomHotel='Ibis', nbPassager=4, dateArrivee='15/01/2024', heureArrivee='14:00'}, ReservationDTO{id=8, idclient='CL008', nomHotel='Lokanga', nbPassager=4, dateArrivee='15/01/2024', heureArrivee='14:20'}, ReservationDTO{id=11, idclient='CL011', nomHotel='Novotel', nbPassager=1, dateArrivee='15/01/2024', heureArrivee='15:20'}, ReservationDTO{id=2, idclient='CL002', nomHotel='Novotel', nbPassager=10, dateArrivee='15/01/2024', heureArrivee='08:20'}, ReservationDTO{id=1, idclient='CL001', nomHotel='Ibis', nbPassager=3, dateArrivee='15/01/2024', heureArrivee='08:00'}, ReservationDTO{id=4, idclient='CL004', nomHotel='Novotel', nbPassager=2, dateArrivee='15/01/2024', heureArrivee='10:00'}, ReservationDTO{id=9, idclient='CL009', nomHotel='Lokanga', nbPassager=2, dateArrivee='15/01/2024', heureArrivee='15:00'}, ReservationDTO{id=10, idclient='CL010', nomHotel='Lokanga', nbPassager=3, dateArrivee='15/01/2024', heureArrivee='15:10'}, ReservationDTO{id=3, idclient='CL003', nomHotel='Lokanga', nbPassager=4, dateArrivee='15/01/2024', heureArrivee='08:00'}], p=Accueil, dateFilter=null}
2026-03-10 14:01:48.029 DEBUG 4829 --- [nio-8085-exec-6] o.s.web.servlet.view.JstlView            : Forwarding to [/WEB-INF/jsp/index.jsp]
2026-03-10 14:01:48.042 DEBUG 4829 --- [nio-8085-exec-6] o.s.web.servlet.DispatcherServlet        : Completed 200 OK
2026-03-10 14:02:04.604 DEBUG 4829 --- [nio-8085-exec-7] o.s.web.servlet.DispatcherServlet        : GET "/?p=Assignation", parameters={masked}
2026-03-10 14:02:04.606 DEBUG 4829 --- [nio-8085-exec-7] o.s.web.servlet.view.JstlView            : View name 'index', model {}
2026-03-10 14:02:04.608 DEBUG 4829 --- [nio-8085-exec-7] o.s.web.servlet.view.JstlView            : Forwarding to [/WEB-INF/jsp/index.jsp]
2026-03-10 14:02:04.611 DEBUG 4829 --- [nio-8085-exec-7] o.s.web.servlet.DispatcherServlet        : Completed 200 OK
2026-03-10 14:02:07.174 DEBUG 4829 --- [nio-8085-exec-8] o.s.web.servlet.DispatcherServlet        : GET "/assignation-vehicules?dateDebut=", parameters={masked}
2026-03-10 14:02:07.175 DEBUG 4829 --- [nio-8085-exec-8] s.w.s.m.m.a.RequestMappingHandlerMapping : Mapped to frontOffice.frontend.controller.ReservationController#afficherAssignationVehicules(LocalDate, LocalDate, Model)
2026-03-10 14:02:07.197 DEBUG 4829 --- [nio-8085-exec-8] o.s.web.client.RestTemplate              : HTTP GET http://localhost:8080/api/assignationVehicule?dateDebut=2024-01-15&dateFin=2024-01-15
2026-03-10 14:02:07.198 DEBUG 4829 --- [nio-8085-exec-8] o.s.web.client.RestTemplate              : Accept=[application/json, application/*+json]
2026-03-10 14:02:08.826 DEBUG 4829 --- [nio-8085-exec-8] o.s.web.client.RestTemplate              : Response 200 OK
2026-03-10 14:02:08.827 DEBUG 4829 --- [nio-8085-exec-8] o.s.web.client.RestTemplate              : Reading to [java.util.Map<?, ?>]
2026-03-10 14:02:08.833 DEBUG 4829 --- [nio-8085-exec-8] o.s.web.servlet.view.JstlView            : View name 'index', model {vehicules=[{reference=PEUGEOT-3008-01, isOccuped=false, typeCarburant=D, dateRetour=2024-01-15T10:05, lieux=[{code=NOV, libelle=Novotel, id=2}], id=1, distanceTotal=2.5, reservationsAssign=[{nbPassager=2, idClient=CL004, idHotel=2, dateArrivee=2024-01-15T10:00, nomHotel=Novotel, id=4}], nbrPlace=5}, {reference=TESLA-MOD3-02, isOccuped=false, typeCarburant=El, dateRetour=2024-01-15T10:16, lieux=[{code=LOK, libelle=Lokanga, id=4}], id=2, distanceTotal=0.5, reservationsAssign=[{nbPassager=3, idClient=CL005, idHotel=4, dateArrivee=2024-01-15T10:15, nomHotel=Lokanga, id=5}], nbrPlace=5}, {reference=FIAT-500-04, isOccuped=false, typeCarburant=Es, dateRetour=2024-01-15T08:01, lieux=[{code=LOK, libelle=Lokanga, id=4}], id=4, distanceTotal=0.5, reservationsAssign=[{nbPassager=3, idClient=CL001, idHotel=3, dateArrivee=2024-01-15T08:00, nomHotel=Ibis, id=1}, {nbPassager=4, idClient=CL003, idHotel=4, dateArrivee=2024-01-15T08:00, nomHotel=Lokanga, id=3}], nbrPlace=7}, {reference=MASTER-V-03, isOccuped=false, typeCarburant=D, dateRetour=2024-01-15T11:05, lieux=[{code=NOV, libelle=Novotel, id=2}], id=3, distanceTotal=2.5, reservationsAssign=[{nbPassager=6, idClient=CL006, idHotel=2, dateArrivee=2024-01-15T11:00, nomHotel=Novotel, id=6}], nbrPlace=9}], reservationsSansVehicule=[{nbPassager=10, idClient=CL002, idHotel=2, dateArrivee=2024-01-15T08:20, nomHotel=Novotel, id=2}, {nbPassager=1, idClient=CL011, idHotel=2, dateArrivee=2024-01-15T15:20, nomHotel=Novotel, id=11}, {nbPassager=4, idClient=CL007, idHotel=3, dateArrivee=2024-01-15T14:00, nomHotel=Ibis, id=7}, {nbPassager=4, idClient=CL008, idHotel=4, dateArrivee=2024-01-15T14:20, nomHotel=Lokanga, id=8}, {nbPassager=2, idClient=CL009, idHotel=4, dateArrivee=2024-01-15T15:00, nomHotel=Lokanga, id=9}, {nbPassager=3, idClient=CL010, idHotel=4, dateArrivee=2024-01-15T15:10, nomHotel=Lokanga, id=10}], dateDebut=2024-01-15, dateFin=2024-01-15, p=Assignation}
2026-03-10 14:02:08.833 DEBUG 4829 --- [nio-8085-exec-8] o.s.web.servlet.view.JstlView            : Forwarding to [/WEB-INF/jsp/index.jsp]
2026-03-10 14:02:08.840 DEBUG 4829 --- [nio-8085-exec-8] o.s.web.servlet.DispatcherServlet        : Completed 200 OK
